0 info it worked if it ends with ok
1 verbose cli [ '/Users/sean.tracey/.nvm/versions/node/v5.1.0/bin/node',
1 verbose cli   '/Users/sean.tracey/.nvm/versions/node/v5.1.0/bin/npm',
1 verbose cli   'run',
1 verbose cli   'deploy' ]
2 info using npm@3.3.12
3 info using node@v5.1.0
4 verbose run-script [ 'predeploy', 'deploy', 'postdeploy' ]
5 info lifecycle ftlabs-chrome-screens-app@~predeploy: ftlabs-chrome-screens-app@
6 silly lifecycle ftlabs-chrome-screens-app@~predeploy: no script for predeploy, continuing
7 info lifecycle ftlabs-chrome-screens-app@~deploy: ftlabs-chrome-screens-app@
8 verbose lifecycle ftlabs-chrome-screens-app@~deploy: unsafe-perm in lifecycle true
9 verbose lifecycle ftlabs-chrome-screens-app@~deploy: PATH: /Users/sean.tracey/.nvm/versions/node/v5.1.0/lib/node_modules/npm/bin/node-gyp-bin:/Users/sean.tracey/Documents/Git/screens-chrome-app/node_modules/.bin:/Library/Frameworks/Python.framework/Versions/Current/bin:/Users/sean.tracey/.nvm/versions/node/v5.1.0/bin:./node_modules/.bin:/usr/local/bin:/usr/bin:/bin:/usr/sbin:/sbin:/opt/X11/bin:/usr/local/go/bin
10 verbose lifecycle ftlabs-chrome-screens-app@~deploy: CWD: /Users/sean.tracey/Documents/Git/screens-chrome-app
11 silly lifecycle ftlabs-chrome-screens-app@~deploy: Args: [ '-c',
11 silly lifecycle   'npm run clean && cp -R ./src ./build && npm run build && zip -r ./build/package.zip ./build' ]
12 silly lifecycle ftlabs-chrome-screens-app@~deploy: Returned: code: 1  signal: null
13 info lifecycle ftlabs-chrome-screens-app@~deploy: Failed to exec deploy script
14 verbose stack Error: ftlabs-chrome-screens-app@ deploy: `npm run clean && cp -R ./src ./build && npm run build && zip -r ./build/package.zip ./build`
14 verbose stack Exit status 1
14 verbose stack     at EventEmitter.<anonymous> (/Users/sean.tracey/.nvm/versions/node/v5.1.0/lib/node_modules/npm/lib/utils/lifecycle.js:232:16)
14 verbose stack     at emitTwo (events.js:87:13)
14 verbose stack     at EventEmitter.emit (events.js:172:7)
14 verbose stack     at ChildProcess.<anonymous> (/Users/sean.tracey/.nvm/versions/node/v5.1.0/lib/node_modules/npm/lib/utils/spawn.js:24:14)
14 verbose stack     at emitTwo (events.js:87:13)
14 verbose stack     at ChildProcess.emit (events.js:172:7)
14 verbose stack     at maybeClose (internal/child_process.js:818:16)
14 verbose stack     at Process.ChildProcess._handle.onexit (internal/child_process.js:211:5)
15 verbose pkgid ftlabs-chrome-screens-app@
16 verbose cwd /Users/sean.tracey/Documents/Git/screens-chrome-app
17 error Darwin 14.5.0
18 error argv "/Users/sean.tracey/.nvm/versions/node/v5.1.0/bin/node" "/Users/sean.tracey/.nvm/versions/node/v5.1.0/bin/npm" "run" "deploy"
19 error node v5.1.0
20 error npm  v3.3.12
21 error code ELIFECYCLE
22 error ftlabs-chrome-screens-app@ deploy: `npm run clean && cp -R ./src ./build && npm run build && zip -r ./build/package.zip ./build`
22 error Exit status 1
23 error Failed at the ftlabs-chrome-screens-app@ deploy script 'npm run clean && cp -R ./src ./build && npm run build && zip -r ./build/package.zip ./build'.
23 error Make sure you have the latest version of node.js and npm installed.
23 error If you do, this is most likely a problem with the ftlabs-chrome-screens-app package,
23 error not with npm itself.
23 error Tell the author that this fails on your system:
23 error     npm run clean && cp -R ./src ./build && npm run build && zip -r ./build/package.zip ./build
23 error You can get their info via:
23 error     npm owner ls ftlabs-chrome-screens-app
23 error There is likely additional logging output above.
24 verbose exit [ 1, true ]
